2023-05-21 08:00:50 [32minfo[39m: [32mListening on url http://localhost:9000[39m
2023-05-21 08:06:46 [32minfo[39m: [32mListening on url http://localhost:9000[39m
2023-05-21 08:12:06 [32minfo[39m: [32mListening on url http://localhost:9000[39m
2023-05-21 08:32:10 [32minfo[39m: [32mListening on url http://localhost:9000[39m
2023-05-21 08:33:24 [32minfo[39m: [32mListening on url http://localhost:9000[39m
2023-05-21 08:36:59 [32minfo[39m: [32mConnected to database[39m
2023-05-21 08:38:31 [32minfo[39m: [32mListening on url http://localhost:9000[39m
2023-05-21 09:22:14 [32minfo[39m: [32mListening on url http://localhost:9000[39m
2023-05-21 21:37:40 [32minfo[39m: [32mListening on url http://localhost:9000[39m
2023-05-21 21:39:49 [32minfo[39m: [32mListening on url http://localhost:9000[39m
2023-05-21 21:42:52 [32minfo[39m: [32mListening on url http://localhost:9000[39m
2023-05-21 21:45:20 [32minfo[39m: [32mListening on url http://localhost:9000[39m
2023-05-21 21:54:33 [32minfo[39m: [32mListening on url http://localhost:9000[39m
2023-05-21 21:57:16 [32minfo[39m: [32mListening on url http://localhost:9000[39m
2023-05-21 21:58:50 [32minfo[39m: [32mListening on url http://localhost:9000[39m
2023-05-21 22:02:07 [32minfo[39m: [32mListening on url http://localhost:9000[39m
2023-05-21 22:20:29 [32minfo[39m: [32mListening on url http://localhost:9000[39m
2023-05-21 22:26:12 [32minfo[39m: [32mListening on url http://localhost:9000[39m
2023-05-22 16:35:51 [32minfo[39m: [32mListening on url http://localhost:9000[39m
2023-05-22 16:58:59 [32minfo[39m: [32mListening on url http://localhost:9000[39m
2023-05-22 16:59:07 [32minfo[39m: [32mMongoDB Connected...[39m
2023-05-22 17:06:51 [32minfo[39m: [32mListening on url http://localhost:9000[39m
2023-05-22 17:07:06 [32minfo[39m: [32mMongoDB Connected...[39m
2023-05-22 17:26:22 [32minfo[39m: [32mListening on url http://localhost:9000[39m
2023-05-22 17:26:25 [32minfo[39m: [32mMongoDB Connected...[39m
2023-05-22 17:40:42 [32minfo[39m: [32mListening on url http://localhost:9000[39m
2023-05-22 17:40:45 [32minfo[39m: [32mMongoDB Connected...[39m
2023-05-22 19:17:53 [32minfo[39m: [32mListening on url http://localhost:9000[39m
2023-05-22 19:17:56 [32minfo[39m: [32mMongoDB Connected...[39m
2023-05-22 19:41:58 [32minfo[39m: [32mListening on url http://localhost:9000[39m
2023-05-22 19:42:01 [32minfo[39m: [32mMongoDB Connected...[39m
2023-05-22 19:49:59 [32minfo[39m: [32mListening on url http://localhost:9000[39m
2023-05-22 19:50:01 [32minfo[39m: [32mMongoDB Connected...[39m
2023-05-22 19:55:45 [32minfo[39m: [32mListening on url http://localhost:9000[39m
2023-05-22 19:55:48 [32minfo[39m: [32mMongoDB Connected...[39m
2023-05-22 19:58:57 [32minfo[39m: [32mListening on url http://localhost:9000[39m
2023-05-22 19:58:59 [32minfo[39m: [32mMongoDB Connected...[39m
2023-05-22 20:01:13 [32minfo[39m: [32mListening on url http://localhost:9000[39m
2023-05-22 20:01:16 [32minfo[39m: [32mMongoDB Connected...[39m
2023-05-22 20:05:42 [32minfo[39m: [32mListening on url http://localhost:9000[39m
2023-05-22 20:05:53 [32minfo[39m: [32mMongoDB Connected...[39m
2023-05-22 20:29:55 [32minfo[39m: [32mListening on url http://localhost:9000[39m
2023-05-22 20:29:58 [32minfo[39m: [32mMongoDB Connected...[39m
2023-05-23 03:44:39 [32minfo[39m: [32mListening on url http://localhost:9000[39m
2023-05-23 03:44:43 [32minfo[39m: [32mMongoDB Connected...[39m
2023-05-23 08:10:33 [32minfo[39m: [32mListening on url http://localhost:9000[39m
2023-05-23 08:10:36 [32minfo[39m: [32mMongoDB Connected...[39m
2023-05-23 08:25:11 [32minfo[39m: [32mListening on url http://localhost:9000[39m
2023-05-23 08:25:18 [32minfo[39m: [32mMongoDB Connected...[39m
2023-05-24 17:20:30 [32minfo[39m: [32mListening on url http://localhost:9000[39m
2023-05-24 17:20:33 [32minfo[39m: [32mMongoDB Connected...[39m
2023-05-24 17:35:49 [32minfo[39m: [32mListening on url http://localhost:9000[39m
2023-05-24 17:35:53 [32minfo[39m: [32mMongoDB Connected...[39m
2023-05-24 17:47:22 [32minfo[39m: [32mListening on url http://localhost:9000[39m
2023-05-24 17:47:26 [32minfo[39m: [32mMongoDB Connected...[39m
2023-05-24 18:00:26 [32minfo[39m: [32mListening on url http://localhost:9000[39m
2023-05-24 18:00:30 [32minfo[39m: [32mMongoDB Connected...[39m
2023-05-24 20:12:17 [32minfo[39m: [32mListening on url http://localhost:9000[39m
2023-05-24 20:12:21 [32minfo[39m: [32mMongoDB Connected...[39m
2023-05-24 20:52:38 [31merror[39m: [31m[[39m
[31m  'password must be longer than or equal to 8 characters',[39m
[31m  'password must be a string'[39m
[31m][39m
2023-05-24 20:55:13 [31merror[39m: [31m[[39m
[31m  'password must be longer than or equal to 8 characters',[39m
[31m  'password must be a string'[39m
[31m][39m
